<?xml version="1.0" encoding="UTF-8"?>
<!DOCTYPE coverage SYSTEM "http://cobertura.sourceforge.net/xml/coverage-04.dtd">
<coverage line-rate="0.29631284" branch-rate="0" lines-covered="1326" lines-valid="4475" branches-covered="0" branches-valid="0" complexity="0" version="" timestamp="1716461987575">
	<packages>
		<package name="kmesh.net/kmesh/api/v2/admin" line-rate="0.12676056" branch-rate="0" complexity="0" line-count="71" line-hits="9">
			<classes>
				<class name="ConfigDump" filename="api/v2/admin/config_dump.pb.go" line-rate="0" branch-rate="0" complexity="0" line-count="20" line-hits="0">
					<methods>
						<method name="Reset" signature="" line-rate="0" branch-rate="0" complexity="0" line-count="0" line-hits="0">
							<lines>
								<line number="36" hits="0"></line>
								<line number="37" hits="0"></line>
								<line number="38" hits="0"></line>
								<line number="39" hits="0"></line>
								<line number="40" hits="0"></line>
							</lines>
						</method>
						<method name="String" signature="" line-rate="0" branch-rate="0" complexity="0" line-count="0" line-hits="0">
							<lines>
								<line number="45" hits="0"></line>
							</lines>
						</method>
						<method name="ProtoMessage" signature="" line-rate="NaN" branch-rate="0" complexity="0" line-count="0" line-hits="0">
							<lines></lines>
						</method>
						<method name="ProtoReflect" signature="" line-rate="0" branch-rate="0" complexity="0" line-count="0" line-hits="0">
							<lines>
								<line number="51" hits="0"></line>
								<line number="52" hits="0"></line>
								<line number="53" hits="0"></line>
								<line number="54" hits="0"></line>
								<line number="55" hits="0"></line>
								<line number="57" hits="0"></line>
								<line number="59" hits="0"></line>
							</lines>
						</method>
						<method name="Descriptor" signature="" line-rate="0" branch-rate="0" complexity="0" line-count="0" line-hits="0">
							<lines>
								<line number="64" hits="0"></line>
							</lines>
						</method>
						<method name="GetStaticResources" signature="" line-rate="0" branch-rate="0" complexity="0" line-count="0" line-hits="0">
							<lines>
								<line number="68" hits="0"></line>
								<line number="69" hits="0"></line>
								<line number="71" hits="0"></line>
							</lines>
						</method>
						<method name="GetDynamicResources" signature="" line-rate="0" branch-rate="0" complexity="0" line-count="0" line-hits="0">
							<lines>
								<line number="75" hits="0"></line>
								<line number="76" hits="0"></line>
								<line number="78" hits="0"></line>
							</lines>
						</method>
					</methods>
					<lines>
						<line number="36" hits="0"></line>
						<line number="37" hits="0"></line>
						<line number="38" hits="0"></line>
						<line number="39" hits="0"></line>
						<line number="40" hits="0"></line>
						<line number="45" hits="0"></line>
						<line number="51" hits="0"></line>
						<line number="52" hits="0"></line>
						<line number="53" hits="0"></line>
						<line number="54" hits="0"></line>
						<line number="55" hits="0"></line>
						<line number="57" hits="0"></line>
						<line number="59" hits="0"></line>
						<line number="64" hits="0"></line>
						<line number="68" hits="0"></line>
						<line number="69" hits="0"></line>
						<line number="71" hits="0"></line>
						<line number="75" hits="0"></line>
						<line number="76" hits="0"></line>
						<line number="78" hits="0"></line>
					</lines>
				</class>
				<class name="ConfigResources" filename="api/v2/admin/config_dump.pb.go" line-rate="0" branch-rate="0" complexity="0" line-count="26" line-hits="0">
					<methods>
						<method name="Reset" signature="" line-rate="0" branch-rate="0" complexity="0" line-count="0" line-hits="0">
							<lines>
								<line number="93" hits="0"></line>
								<line number="94" hits="0"></line>
								<line number="95" hits="0"></line>
								<line number="96" hits="0"></line>
								<line number="97" hits="0"></line>
							</lines>
						</method>
						<method name="String" signature="" line-rate="0" branch-rate="0" complexity="0" line-count="0" line-hits="0">
							<lines>
								<line number="102" hits="0"></line>
							</lines>
						</method>
						<method name="ProtoMessage" signature="" line-rate="NaN" branch-rate="0" complexity="0" line-count="0" line-hits="0">
							<lines></lines>
						</method>
						<method name="ProtoReflect" signature="" line-rate="0" branch-rate="0" complexity="0" line-count="0" line-hits="0">
							<lines>
								<line number="108" hits="0"></line>
								<line number="109" hits="0"></line>
								<line number="110" hits="0"></line>
								<line number="111" hits="0"></line>
								<line number="112" hits="0"></line>
								<line number="114" hits="0"></line>
								<line number="116" hits="0"></line>
							</lines>
						</method>
						<method name="Descriptor" signature="" line-rate="0" branch-rate="0" complexity="0" line-count="0" line-hits="0">
							<lines>
								<line number="121" hits="0"></line>
							</lines>
						</method>
						<method name="GetVersionInfo" signature="" line-rate="0" branch-rate="0" complexity="0" line-count="0" line-hits="0">
							<lines>
								<line number="125" hits="0"></line>
								<line number="126" hits="0"></line>
								<line number="128" hits="0"></line>
							</lines>
						</method>
						<method name="GetListenerConfigs" signature="" line-rate="0" branch-rate="0" complexity="0" line-count="0" line-hits="0">
							<lines>
								<line number="132" hits="0"></line>
								<line number="133" hits="0"></line>
								<line number="135" hits="0"></line>
							</lines>
						</method>
						<method name="GetRouteConfigs" signature="" line-rate="0" branch-rate="0" complexity="0" line-count="0" line-hits="0">
							<lines>
								<line number="139" hits="0"></line>
								<line number="140" hits="0"></line>
								<line number="142" hits="0"></line>
							</lines>
						</method>
						<method name="GetClusterConfigs" signature="" line-rate="0" branch-rate="0" complexity="0" line-count="0" line-hits="0">
							<lines>
								<line number="146" hits="0"></line>
								<line number="147" hits="0"></line>
								<line number="149" hits="0"></line>
							</lines>
						</method>
					</methods>
					<lines>
						<line number="93" hits="0"></line>
						<line number="94" hits="0"></line>
						<line number="95" hits="0"></line>
						<line number="96" hits="0"></line>
						<line number="97" hits="0"></line>
						<line number="102" hits="0"></line>
						<line number="108" hits="0"></line>
						<line number="109" hits="0"></line>
						<line number="110" hits="0"></line>
						<line number="111" hits="0"></line>
						<line number="112" hits="0"></line>
						<line number="114" hits="0"></line>
						<line number="116" hits="0"></line>
						<line number="121" hits="0"></line>
						<line number="125" hits="0"></line>
						<line number="126" hits="0"></line>
						<line number="128" hits="0"></line>
						<line number="132" hits="0"></line>
						<line number="133" hits="0"></line>
						<line number="135" hits="0"></line>
						<line number="139" hits="0"></line>
						<line number="140" hits="0"></line>
						<line number="142" hits="0"></line>
						<line number="146" hits="0"></line>
						<line number="147" hits="0"></line>
						<line number="149" hits="0"></line>
					</lines>
				</class>
				<class name="-" filename="api/v2/admin/config_dump.pb.go" line-rate="0.36" branch-rate="0" complexity="0" line-count="25" line-hits="9">
					<methods>
						<method name="file_api_admin_config_dump_proto_rawDescGZIP" signature="" line-rate="0" branch-rate="0" complexity="0" line-count="0" line-hits="0">
							<lines>
								<line number="198" hits="0"></line>
								<line number="201" hits="0"></line>
							</lines>
						</method>
						<method name="@198:50" signature="" line-rate="0" branch-rate="0" complexity="0" line-count="0" line-hits="0">
							<lines>
								<line number="199" hits="0"></line>
							</lines>
						</method>
						<method name="init" signature="" line-rate="1" branch-rate="0" complexity="0" line-count="0" line-hits="0">
							<lines>
								<line number="225" hits="1"></line>
							</lines>
						</method>
						<method name="file_api_admin_config_dump_proto_init" signature="" line-rate="0.72727275" branch-rate="0" complexity="0" line-count="0" line-hits="0">
							<lines>
								<line number="227" hits="1"></line>
								<line number="228" hits="0"></line>
								<line number="230" hits="1"></line>
								<line number="231" hits="0"></line>
								<line number="243" hits="0"></line>
								<line number="256" hits="1"></line>
								<line number="257" hits="1"></line>
								<line number="270" hits="1"></line>
								<line number="271" hits="1"></line>
								<line number="272" hits="1"></line>
								<line number="273" hits="1"></line>
							</lines>
						</method>
						<method name="@231:59" signature="" line-rate="0" branch-rate="0" complexity="0" line-count="0" line-hits="0">
							<lines>
								<line number="232" hits="0"></line>
								<line number="234" hits="0"></line>
								<line number="236" hits="0"></line>
								<line number="238" hits="0"></line>
								<line number="240" hits="0"></line>
							</lines>
						</method>
						<method name="@243:59" signature="" line-rate="0" branch-rate="0" complexity="0" line-count="0" line-hits="0">
							<lines>
								<line number="244" hits="0"></line>
								<line number="246" hits="0"></line>
								<line number="248" hits="0"></line>
								<line number="250" hits="0"></line>
								<line number="252" hits="0"></line>
							</lines>
						</method>
					</methods>
					<lines>
						<line number="198" hits="0"></line>
						<line number="201" hits="0"></line>
						<line number="199" hits="0"></line>
						<line number="225" hits="1"></line>
						<line number="227" hits="1"></line>
						<line number="228" hits="0"></line>
						<line number="230" hits="1"></line>
						<line number="231" hits="0"></line>
						<line number="243" hits="0"></line>
						<line number="256" hits="1"></line>
						<line number="257" hits="1"></line>
						<line number="270" hits="1"></line>
						<line number="271" hits="1"></line>
						<line number="272" hits="1"></line>
						<line number="273" hits="1"></line>
						<line number="232" hits="0"></line>
						<line number="234" hits="0"></line>
						<line number="236" hits="0"></line>
						<line number="238" hits="0"></line>
						<line number="240" hits="0"></line>
						<line number="244" hits="0"></line>
						<line number="246" hits="0"></line>
						<line number="248" hits="0"></line>
						<line number="250" hits="0"></line>
						<line number="252" hits="0"></line>
					</lines>
				</class>
			</classes>
		</package>
		<package name="kmesh.net/kmesh/api/v2/cluster" line-rate="0.35135135" branch-rate="0" complexity="0" line-count="111" line-hits="39">
			<classes>
				<class name="CircuitBreakers" filename="api/v2/cluster/circuit_breaker.pb.go" line-rate="0.09375" branch-rate="0" complexity="0" line-count="32" line-hits="3">
					<methods>
						<method name="Reset" signature="" line-rate="0" branch-rate="0" complexity="0" line-count="0" line-hits="0">
							<lines>
								<line number="38" hits="0"></line>
								<line number="39" hits="0"></line>
								<line number="40" hits="0"></line>
								<line number="41" hits="0"></line>
								<line number="42" hits="0"></line>
							</lines>
						</method>
						<method name="String" signature="" line-rate="0" branch-rate="0" complexity="0" line-count="0" line-hits="0">
							<lines>
								<line number="47" hits="0"></line>
							</lines>
						</method>
						<method name="ProtoMessage" signature="" line-rate="NaN" branch-rate="0" complexity="0" line-count="0" line-hits="0">
							<lines></lines>
						</method>
						<method name="ProtoReflect" signature="" line-rate="0.42857143" branch-rate="0" complexity="0" line-count="0" line-hits="0">
							<lines>
								<line number="53" hits="1"></line>
								<line number="54" hits="1"></line>
								<line number="55" hits="0"></line>
								<line number="56" hits="0"></line>
								<line number="57" hits="0"></line>
								<line number="59" hits="0"></line>
								<line number="61" hits="1"></line>
							</lines>
						</method>
						<method name="Descriptor" signature="" line-rate="0" branch-rate="0" complexity="0" line-count="0" line-hits="0">
							<lines>
								<line number="66" hits="0"></line>
							</lines>
						</method>
						<method name="GetPriority" signature="" line-rate="0" branch-rate="0" complexity="0" line-count="0" line-hits="0">
							<lines>
								<line number="70" hits="0"></line>
								<line number="71" hits="0"></line>
								<line number="73" hits="0"></line>
							</lines>
						</method>
						<method name="GetMaxConnections" signature="" line-rate="0" branch-rate="0" complexity="0" line-count="0" line-hits="0">
							<lines>
								<line number="77" hits="0"></line>
								<line number="78" hits="0"></line>
								<line number="80" hits="0"></line>
							</lines>
						</method>
						<method name="GetMaxPendingRequests" signature="" line-rate="0" branch-rate="0" complexity="0" line-count="0" line-hits="0">
							<lines>
								<line number="84" hits="0"></line>
								<line number="85" hits="0"></line>
								<line number="87" hits="0"></line>
							</lines>
						</method>
						<method name="GetMaxRequests" signature="" line-rate="0" branch-rate="0" complexity="0" line-count="0" line-hits="0">
							<lines>
								<line number="91" hits="0"></line>
								<line number="92" hits="0"></line>
								<line number="94" hits="0"></line>
							</lines>
						</method>
						<method name="GetMaxRetries" signature="" line-rate="0" branch-rate="0" complexity="0" line-count="0" line-hits="0">
							<lines>
								<line number="98" hits="0"></line>
								<line number="99" hits="0"></line>
								<line number="101" hits="0"></line>
							</lines>
						</method>
						<method name="GetMaxConnectionPools" signature="" line-rate="0" branch-rate="0" complexity="0" line-count="0" line-hits="0">
							<lines>
								<line number="105" hits="0"></line>
								<line number="106" hits="0"></line>
								<line number="108" hits="0"></line>
							</lines>
						</method>
					</methods>
					<lines>
						<line number="38" hits="0"></line>
						<line number="39" hits="0"></line>
						<line number="40" hits="0"></line>
						<line number="41" hits="0"></line>
						<line number="42" hits="0"></line>
						<line number="47" hits="0"></line>
						<line number="53" hits="1"></line>
						<line number="54" hits="1"></line>
						<line number="55" hits="0"></line>
						<line number="56" hits="0"></line>
						<line number="57" hits="0"></line>
						<line number="59" hits="0"></line>
						<line number="61" hits="1"></line>
						<line number="66" hits="0"></line>
						<line number="70" hits="0"></line>
						<line number="71" hits="0"></line>
						<line number="73" hits="0"></line>
						<line number="77" hits="0"></line>
						<line number="78" hits="0"></line>
						<line number="80" hits="0"></line>
						<line number="84" hits="0"></line>
						<line number="85" hits="0"></line>
						<line number="87" hits="0"></line>
						<line number="91" hits="0"></line>
						<line number="92" hits="0"></line>
						<line number="94" hits="0"></line>
						<line number="98" hits="0"></line>
						<line number="99" hits="0"></line>
						<line number="101" hits="0"></line>
						<line number="105" hits="0"></line>
						<line number="106" hits="0"></line>
						<line number="108" hits="0"></line>
					</lines>
				</class>
				<class name="-" filename="api/v2/cluster/circuit_breaker.pb.go" line-rate="0.5263158" branch-rate="0" complexity="0" line-count="19" line-hits="10">
					<methods>
						<method name="file_api_cluster_circuit_breaker_proto_rawDescGZIP" signature="" line-rate="0" branch-rate="0" complexity="0" line-count="0" line-hits="0">
							<lines>
								<line number="147" hits="0"></line>
								<line number="150" hits="0"></line>
							</lines>
						</method>
						<method name="@147:56" signature="" line-rate="0" branch-rate="0" complexity="0" line-count="0" line-hits="0">
							<lines>
								<line number="148" hits="0"></line>
							</lines>
						</method>
						<method name="init" signature="" line-rate="1" branch-rate="0" complexity="0" line-count="0" line-hits="0">
							<lines>
								<line number="167" hits="1"></line>
							</lines>
						</method>
						<method name="file_api_cluster_circuit_breaker_proto_init" signature="" line-rate="0.9" branch-rate="0" complexity="0" line-count="0" line-hits="0">
							<lines>
								<line number="169" hits="1"></line>
								<line number="170" hits="1"></line>
								<line number="172" hits="1"></line>
								<line number="173" hits="0"></line>
								<line number="186" hits="1"></line>
								<line number="187" hits="1"></line>
								<line number="200" hits="1"></line>
								<line number="201" hits="1"></line>
								<line number="202" hits="1"></line>
								<line number="203" hits="1"></line>
							</lines>
						</method>
						<method name="@173:65" signature="" line-rate="0" branch-rate="0" complexity="0" line-count="0" line-hits="0">
							<lines>
								<line number="174" hits="0"></line>
								<line number="176" hits="0"></line>
								<line number="178" hits="0"></line>
								<line number="180" hits="0"></line>
								<line number="182" hits="0"></line>
							</lines>
						</method>
					</methods>
					<lines>
						<line number="147" hits="0"></line>
						<line number="150" hits="0"></line>
						<line number="148" hits="0"></line>
						<line number="167" hits="1"></line>
						<line number="169" hits="1"></line>
						<line number="170" hits="1"></line>
						<line number="172" hits="1"></line>
						<line number="173" hits="0"></line>
						<line number="186" hits="1"></line>
						<line number="187" hits="1"></line>
						<line number="200" hits="1"></line>
						<line number="201" hits="1"></line>
						<line number="202" hits="1"></line>
						<line number="203" hits="1"></line>
						<line number="174" hits="0"></line>
						<line number="176" hits="0"></line>
						<line number="178" hits="0"></line>
						<line number="180" hits="0"></line>
						<line number="182" hits="0"></line>
					</lines>
				</class>
				<class name="Cluster_LbPolicy" filename="api/v2/cluster/cluster.pb.go" line-rate="0" branch-rate="0" complexity="0" line-count="8" line-hits="0">
					<methods>
						<method name="Enum" signature="" line-rate="0" branch-rate="0" complexity="0" line-count="0" line-hits="0">
							<lines>
								<line number="48" hits="0"></line>
								<line number="49" hits="0"></line>
								<line number="50" hits="0"></line>
							</lines>
						</method>
						<method name="String" signature="" line-rate="0" branch-rate="0" complexity="0" line-count="0" line-hits="0">
							<lines>
								<line number="54" hits="0"></line>
							</lines>
						</method>
						<method name="Descriptor" signature="" line-rate="0" branch-rate="0" complexity="0" line-count="0" line-hits="0">
							<lines>
								<line number="58" hits="0"></line>
							</lines>
						</method>
						<method name="Type" signature="" line-rate="0" branch-rate="0" complexity="0" line-count="0" line-hits="0">
							<lines>
								<line number="62" hits="0"></line>
							</lines>
						</method>
						<method name="Number" signature="" line-rate="0" branch-rate="0" complexity="0" line-count="0" line-hits="0">
							<lines>
								<line number="66" hits="0"></line>
							</lines>
						</method>
						<method name="EnumDescriptor" signature="" line-rate="0" branch-rate="0" complexity="0" line-count="0" line-hits="0">
							<lines>
								<line number="71" hits="0"></line>
							</lines>
						</method>
					</methods>
					<lines>
						<line number="48" hits="0"></line>
						<line number="49" hits="0"></line>
						<line number="50" hits="0"></line>
						<line number="54" hits="0"></line>
						<line number="58" hits="0"></line>
						<line number="62" hits="0"></line>
						<line number="66" hits="0"></line>
						<line number="71" hits="0"></line>
					</lines>
				</class>
				<class name="Cluster" filename="api/v2/cluster/cluster.pb.go" line-rate="0.5" branch-rate="0" complexity="0" line-count="32" line-hits="16">
					<methods>
						<method name="Reset" signature="" line-rate="1" branch-rate="0" complexity="0" line-count="0" line-hits="0">
							<lines>
								<line number="88" hits="1"></line>
								<line number="89" hits="1"></line>
								<line number="90" hits="1"></line>
								<line number="91" hits="1"></line>
								<line number="92" hits="1"></line>
							</lines>
						</method>
						<method name="String" signature="" line-rate="1" branch-rate="0" complexity="0" line-count="0" line-hits="0">
							<lines>
								<line number="97" hits="1"></line>
							</lines>
						</method>
						<method name="ProtoMessage" signature="" line-rate="NaN" branch-rate="0" complexity="0" line-count="0" line-hits="0">
							<lines></lines>
						</method>
						<method name="ProtoReflect" signature="" line-rate="0.85714287" branch-rate="0" complexity="0" line-count="0" line-hits="0">
							<lines>
								<line number="103" hits="1"></line>
								<line number="104" hits="1"></line>
								<line number="105" hits="1"></line>
								<line number="106" hits="1"></line>
								<line number="107" hits="1"></line>
								<line number="109" hits="1"></line>
								<line number="111" hits="0"></line>
							</lines>
						</method>
						<method name="Descriptor" signature="" line-rate="0" branch-rate="0" complexity="0" line-count="0" line-hits="0">
							<lines>
								<line number="116" hits="0"></line>
							</lines>
						</method>
						<method name="GetApiStatus" signature="" line-rate="0.6666667" branch-rate="0" complexity="0" line-count="0" line-hits="0">
							<lines>
								<line number="120" hits="1"></line>
								<line number="121" hits="1"></line>
								<line number="123" hits="0"></line>
							</lines>
						</method>
						<method name="GetName" signature="" line-rate="0.6666667" branch-rate="0" complexity="0" line-count="0" line-hits="0">
							<lines>
								<line number="127" hits="1"></line>
								<line number="128" hits="1"></line>
								<line number="130" hits="0"></line>
							</lines>
						</method>
						<method name="GetConnectTimeout" signature="" line-rate="0" branch-rate="0" complexity="0" line-count="0" line-hits="0">
							<lines>
								<line number="134" hits="0"></line>
								<line number="135" hits="0"></line>
								<line number="137" hits="0"></line>
							</lines>
						</method>
						<method name="GetLbPolicy" signature="" line-rate="0" branch-rate="0" complexity="0" line-count="0" line-hits="0">
							<lines>
								<line number="141" hits="0"></line>
								<line number="142" hits="0"></line>
								<line number="144" hits="0"></line>
							</lines>
						</method>
						<method name="GetLoadAssignment" signature="" line-rate="0" branch-rate="0" complexity="0" line-count="0" line-hits="0">
							<lines>
								<line number="148" hits="0"></line>
								<line number="149" hits="0"></line>
								<line number="151" hits="0"></line>
							</lines>
						</method>
						<method name="GetCircuitBreakers" signature="" line-rate="0" branch-rate="0" complexity="0" line-count="0" line-hits="0">
							<lines>
								<line number="155" hits="0"></line>
								<line number="156" hits="0"></line>
								<line number="158" hits="0"></line>
							</lines>
						</method>
					</methods>
					<lines>
						<line number="88" hits="1"></line>
						<line number="89" hits="1"></line>
						<line number="90" hits="1"></line>
						<line number="91" hits="1"></line>
						<line number="92" hits="1"></line>
						<line number="97" hits="1"></line>
						<line number="103" hits="1"></line>
						<line number="104" hits="1"></line>
						<line number="105" hits="1"></line>
						<line number="106" hits="1"></line>
						<line number="107" hits="1"></line>
						<line number="109" hits="1"></line>
						<line number="111" hits="0"></line>
						<line number="116" hits="0"></line>
						<line number="120" hits="1"></line>
						<line number="121" hits="1"></line>
						<line number="123" hits="0"></line>
						<line number="127" hits="1"></line>
						<line number="128" hits="1"></line>
						<line number="130" hits="0"></line>
						<line number="134" hits="0"></line>
						<line number="135" hits="0"></line>
						<line number="137" hits="0"></line>
						<line number="141" hits="0"></line>
						<line number="142" hits="0"></line>
						<line number="144" hits="0"></line>
						<line number="148" hits="0"></line>
						<line number="149" hits="0"></line>
						<line number="151" hits="0"></line>
						<line number="155" hits="0"></line>
						<line number="156" hits="0"></line>
						<line number="158" hits="0"></line>
					</lines>
				</class>
				<class name="-" filename="api/v2/cluster/cluster.pb.go" line-rate="0.5" branch-rate="0" complexity="0" line-count="20" line-hits="10">
					<methods>
						<method name="file_api_cluster_cluster_proto_rawDescGZIP" signature="" line-rate="0" branch-rate="0" complexity="0" line-count="0" line-hits="0">
							<lines>
								<line number="207" hits="0"></line>
								<line number="210" hits="0"></line>
							</lines>
						</method>
						<method name="@207:48" signature="" line-rate="0" branch-rate="0" complexity="0" line-count="0" line-hits="0">
							<lines>
								<line number="208" hits="0"></line>
							</lines>
						</method>
						<method name="init" signature="" line-rate="1" branch-rate="0" complexity="0" line-count="0" line-hits="0">
							<lines>
								<line number="234" hits="1"></line>
							</lines>
						</method>
						<method name="file_api_cluster_cluster_proto_init" signature="" line-rate="0.8181818" branch-rate="0" complexity="0" line-count="0" line-hits="0">
							<lines>
								<line number="236" hits="1"></line>
								<line number="237" hits="0"></line>
								<line number="239" hits="1"></line>
								<line number="240" hits="1"></line>
								<line number="241" hits="0"></line>
								<line number="254" hits="1"></line>
								<line number="255" hits="1"></line>
								<line number="269" hits="1"></line>
								<line number="270" hits="1"></line>
								<line number="271" hits="1"></line>
								<line number="272" hits="1"></line>
							</lines>
						</method>
						<method name="@241:57" signature="" line-rate="0" branch-rate="0" complexity="0" line-count="0" line-hits="0">
							<lines>
								<line number="242" hits="0"></line>
								<line number="244" hits="0"></line>
								<line number="246" hits="0"></line>
								<line number="248" hits="0"></line>
								<line number="250" hits="0"></line>
							</lines>
						</method>
					</methods>
					<lines>
						<line number="207" hits="0"></line>
						<line number="210" hits="0"></line>
						<line number="208" hits="0"></line>
						<line number="234" hits="1"></line>
						<line number="236" hits="1"></line>
						<line number="237" hits="0"></line>
						<line number="239" hits="1"></line>
						<line number="240" hits="1"></line>
						<line number="241" hits="0"></line>
						<line number="254" hits="1"></line>
						<line number="255" hits="1"></line>
						<line number="269" hits="1"></line>
						<line number="270" hits="1"></line>
						<line number="271" hits="1"></line>
						<line number="272" hits="1"></line>
						<line number="242" hits="0"></line>
						<line number="244" hits="0"></line>
						<line number="246" hits="0"></line>
						<line number="248" hits="0"></line>
						<line number="250" hits="0"></line>
					</lines>
				</class>
			</classes>
		</package>
		<package name="kmesh.net/kmesh/api/v2/core" line-rate="0.34615386" branch-rate="0" complexity="0" line-count="104" line-hits="36">
			<classes>
				<class name="-" filename="api/v2/core/address.pb.go" line-rate="0.36" branch-rate="0" complexity="0" line-count="25" line-hits="9">
					<methods>
						<method name="file_api_core_address_proto_rawDescGZIP" signature="" line-rate="0" branch-rate="0" complexity="0" line-count="0" line-hits="0">
							<lines>
								<line number="217" hits="0"></line>
								<line number="220" hits="0"></line>
							</lines>
						</method>
						<method name="@217:45" signature="" line-rate="0" branch-rate="0" complexity="0" line-count="0" line-hits="0">
							<lines>
								<line number="218" hits="0"></line>
							</lines>
						</method>
						<method name="init" signature="" line-rate="1" branch-rate="0" complexity="0" line-count="0" line-hits="0">
							<lines>
								<line number="239" hits="1"></line>
							</lines>
						</method>
						<method name="file_api_core_address_proto_init" signature="" line-rate="0.72727275" branch-rate="0" complexity="0" line-count="0" line-hits="0">
							<lines>
								<line number="241" hits="1"></line>
								<line number="242" hits="0"></line>
								<line number="244" hits="1"></line>
								<line number="245" hits="0"></line>
								<line number="257" hits="0"></line>
								<line number="270" hits="1"></line>
								<line number="271" hits="1"></line>
								<line number="285" hits="1"></line>
								<line number="286" hits="1"></line>
								<line number="287" hits="1"></line>
								<line number="288" hits="1"></line>
							</lines>
						</method>
						<method name="@245:54" signature="" line-rate="0" branch-rate="0" complexity="0" line-count="0" line-hits="0">
							<lines>
								<line number="246" hits="0"></line>
								<line number="248" hits="0"></line>
								<line number="250" hits="0"></line>
								<line number="252" hits="0"></line>
								<line number="254" hits="0"></line>
							</lines>
						</method>
						<method name="@257:54" signature="" line-rate="0" branch-rate="0" complexity="0" line-count="0" line-hits="0">
							<lines>
								<line number="258" hits="0"></line>
								<line number="260" hits="0"></line>
								<line number="262" hits="0"></line>
								<line number="264" hits="0"></line>
								<line number="266" hits="0"></line>
							</lines>
						</method>
					</methods>
					<lines>
						<line number="217" hits="0"></line>
						<line number="220" hits="0"></line>
						<line number="218" hits="0"></line>
						<line number="239" hits="1"></line>
						<line number="241" hits="1"></line>
						<line number="242" hits="0"></line>
						<line number="244" hits="1"></line>
						<line number="245" hits="0"></line>
						<line number="257" hits="0"></line>
						<line number="270" hits="1"></line>
						<line number="271" hits="1"></line>
						<line number="285" hits="1"></line>
						<line number="286" hits="1"></line>
						<line number="287" hits="1"></line>
						<line number="288" hits="1"></line>
						<line number="246" hits="0"></line>
						<line number="248" hits="0"></line>
						<line number="250" hits="0"></line>
						<line number="252" hits="0"></line>
						<line number="254" hits="0"></line>
						<line number="258" hits="0"></line>
						<line number="260" hits="0"></line>
						<line number="262" hits="0"></line>
						<line number="264" hits="0"></line>
						<line number="266" hits="0"></line>
					</lines>
				</class>
				<class name="SocketAddress_Protocol" filename="api/v2/core/address.pb.go" line-rate="0" branch-rate="0" complexity="0" line-count="8" line-hits="0">
					<methods>
						<method name="Enum" signature="" line-rate="0" branch-rate="0" complexity="0" line-count="0" line-hits="0">
							<lines>
								<line number="43" hits="0"></line>
								<line number="44" hits="0"></line>
								<line number="45" hits="0"></line>
							</lines>
						</method>
						<method name="String" signature="" line-rate="0" branch-rate="0" complexity="0" line-count="0" line-hits="0">
							<lines>
								<line number="49" hits="0"></line>
							</lines>
						</method>
						<method name="Descriptor" signature="" line-rate="0" branch-rate="0" complexity="0" line-count="0" line-hits="0">
							<lines>
								<line number="53" hits="0"></line>
							</lines>
						</method>
						<method name="Type" signature="" line-rate="0" branch-rate="0" complexity="0" line-count="0" line-hits="0">
							<lines>
								<line number="57" hits="0"></line>
							</lines>
						</method>
						<method name="Number" signature="" line-rate="0" branch-rate="0" complexity="0" line-count="0" line-hits="0">
							<lines>
								<line number="61" hits="0"></line>
							</lines>
						</method>
						<method name="EnumDescriptor" signature="" line-rate="0" branch-rate="0" complexity="0" line-count="0" line-hits="0">
							<lines>
								<line number="66" hits="0"></line>
							</lines>
						</method>
					</methods>
					<lines>
						<line number="43" hits="0"></line>
						<line number="44" hits="0"></line>
						<line number="45" hits="0"></line>
						<line number="49" hits="0"></line>
						<line number="53" hits="0"></line>
						<line number="57" hits="0"></line>
						<line number="61" hits="0"></line>
						<line number="66" hits="0"></line>
					</lines>
				</class>
				<class name="SocketAddress" filename="api/v2/core/address.pb.go" line-rate="0.5652174" branch-rate="0" complexity="0" line-count="23" line-hits="13">
					<methods>
						<method name="Reset" signature="" line-rate="1" branch-rate="0" complexity="0" line-count="0" line-hits="0">
							<lines>
								<line number="80" hits="1"></line>
								<line number="81" hits="1"></line>
								<line number="82" hits="1"></line>
								<line number="83" hits="1"></line>
								<line number="84" hits="1"></line>
							</lines>
						</method>
						<method name="String" signature="" line-rate="1" branch-rate="0" complexity="0" line-count="0" line-hits="0">
							<lines>
								<line number="89" hits="1"></line>
							</lines>
						</method>
						<method name="ProtoMessage" signature="" line-rate="NaN" branch-rate="0" complexity="0" line-count="0" line-hits="0">
							<lines></lines>
						</method>
						<method name="ProtoReflect" signature="" line-rate="1" branch-rate="0" complexity="0" line-count="0" line-hits="0">
							<lines>
								<line number="95" hits="1"></line>
								<line number="96" hits="1"></line>
								<line number="97" hits="1"></line>
								<line number="98" hits="1"></line>
								<line number="99" hits="1"></line>
								<line number="101" hits="1"></line>
								<line number="103" hits="1"></line>
							</lines>
						</method>
						<method name="Descriptor" signature="" line-rate="0" branch-rate="0" complexity="0" line-count="0" line-hits="0">
							<lines>
								<line number="108" hits="0"></line>
							</lines>
						</method>
						<method name="GetProtocol" signature="" line-rate="0" branch-rate="0" complexity="0" line-count="0" line-hits="0">
							<lines>
								<line number="112" hits="0"></line>
								<line number="113" hits="0"></line>
								<line number="115" hits="0"></line>
							</lines>
						</method>
						<method name="GetPort" signature="" line-rate="0" branch-rate="0" complexity="0" line-count="0" line-hits="0">
							<lines>
								<line number="119" hits="0"></line>
								<line number="120" hits="0"></line>
								<line number="122" hits="0"></line>
							</lines>
						</method>
						<method name="GetIpv4" signature="" line-rate="0" branch-rate="0" complexity="0" line-count="0" line-hits="0">
							<lines>
								<line number="126" hits="0"></line>
								<line number="127" hits="0"></line>
								<line number="129" hits="0"></line>
							</lines>
						</method>
					</methods>
					<lines>
						<line number="80" hits="1"></line>
						<line number="81" hits="1"></line>
						<line number="82" hits="1"></line>
						<line number="83" hits="1"></line>
						<line number="84" hits="1"></line>
						<line number="89" hits="1"></line>
						<line number="95" hits="1"></line>
						<line number="96" hits="1"></line>
						<line number="97" hits="1"></line>
						<line number="98" hits="1"></line>
						<line number="99" hits="1"></line>
						<line number="101" hits="1"></line>
						<line number="103" hits="1"></line>
						<line number="108" hits="0"></line>
						<line number="112" hits="0"></line>
						<line number="113" hits="0"></line>
						<line number="115" hits="0"></line>
						<line number="119" hits="0"></line>
						<line number="120" hits="0"></line>
						<line number="122" hits="0"></line>
						<line number="126" hits="0"></line>
						<line number="127" hits="0"></line>
						<line number="129" hits="0"></line>
					</lines>
				</class>
				<class name="CidrRange" filename="api/v2/core/address.pb.go" line-rate="0.15" branch-rate="0" complexity="0" line-count="20" line-hits="3">
					<methods>
						<method name="Reset" signature="" line-rate="0" branch-rate="0" complexity="0" line-count="0" line-hits="0">
							<lines>
								<line number="142" hits="0"></line>
								<line number="143" hits="0"></line>
								<line number="144" hits="0"></line>
								<line number="145" hits="0"></line>
								<line number="146" hits="0"></line>
							</lines>
						</method>
						<method name="String" signature="" line-rate="0" branch-rate="0" complexity="0" line-count="0" line-hits="0">
							<lines>
								<line number="151" hits="0"></line>
							</lines>
						</method>
						<method name="ProtoMessage" signature="" line-rate="NaN" branch-rate="0" complexity="0" line-count="0" line-hits="0">
							<lines></lines>
						</method>
						<method name="ProtoReflect" signature="" line-rate="0.42857143" branch-rate="0" complexity="0" line-count="0" line-hits="0">
							<lines>
								<line number="157" hits="1"></line>
								<line number="158" hits="1"></line>
								<line number="159" hits="0"></line>
								<line number="160" hits="0"></line>
								<line number="161" hits="0"></line>
								<line number="163" hits="0"></line>
								<line number="165" hits="1"></line>
							</lines>
						</method>
						<method name="Descriptor" signature="" line-rate="0" branch-rate="0" complexity="0" line-count="0" line-hits="0">
							<lines>
								<line number="170" hits="0"></line>
							</lines>
						</method>
						<method name="GetAddressPrefix" signature="" line-rate="0" branch-rate="0" complexity="0" line-count="0" line-hits="0">
							<lines>
								<line number="174" hits="0"></line>
								<line number="175" hits="0"></line>
								<line number="177" hits="0"></line>
							</lines>
						</method>
						<method name="GetPrefixLen" signature="" line-rate="0" branch-rate="0" complexity="0" line-count="0" line-hits="0">
							<lines>
								<line number="181" hits="0"></line>
								<line number="182" hits="0"></line>
								<line number="184" hits="0"></line>
							</lines>
						</method>
					</methods>
					<lines>
						<line number="142" hits="0"></line>
						<line number="143" hits="0"></line>
						<line number="144" hits="0"></line>
						<line number="145" hits="0"></line>
						<line number="146" hits="0"></line>
						<line number="151" hits="0"></line>
						<line number="157" hits="1"></line>
						<line number="158" hits="1"></line>
						<line number="159" hits="0"></line>
						<line number="160" hits="0"></line>
						<line number="161" hits="0"></line>
						<line number="163" hits="0"></line>
						<line number="165" hits="1"></line>
						<line number="170" hits="0"></line>
						<line number="174" hits="0"></line>
						<line number="175" hits="0"></line>
						<line number="177" hits="0"></line>
						<line number="181" hits="0"></line>
						<line number="182" hits="0"></line>
						<line number="184" hits="0"></line>
					</lines>
				</class>
				<class name="RoutingPriority" filename="api/v2/core/base.pb.go" line-rate="0.125" branch-rate="0" complexity="0" line-count="8" line-hits="1">
					<methods>
						<method name="Enum" signature="" line-rate="0" branch-rate="0" complexity="0" line-count="0" line-hits="0">
							<lines>
								<line number="100" hits="0"></line>
								<line number="101" hits="0"></line>
								<line number="102" hits="0"></line>
							</lines>
						</method>
						<method name="String" signature="" line-rate="0" branch-rate="0" complexity="0" line-count="0" line-hits="0">
							<lines>
								<line number="106" hits="0"></line>
							</lines>
						</method>
						<method name="Descriptor" signature="" line-rate="1" branch-rate="0" complexity="0" line-count="0" line-hits="0">
							<lines>
								<line number="110" hits="1"></line>
							</lines>
						</method>
						<method name="Type" signature="" line-rate="0" branch-rate="0" complexity="0" line-count="0" line-hits="0">
							<lines>
								<line number="114" hits="0"></line>
							</lines>
						</method>
						<method name="Number" signature="" line-rate="0" branch-rate="0" complexity="0" line-count="0" line-hits="0">
							<lines>
								<line number="118" hits="0"></line>
							</lines>
						</method>
						<method name="EnumDescriptor" signature="" line-rate="0" branch-rate="0" complexity="0" line-count="0" line-hits="0">
							<lines>
								<line number="123" hits="0"></line>
							</lines>
						</method>
					</methods>
					<lines>
						<line number="100" hits="0"></line>
						<line number="101" hits="0"></line>
						<line number="102" hits="0"></line>
						<line number="106" hits="0"></line>
						<line number="110" hits="1"></line>
						<line number="114" hits="0"></line>
						<line number="118" hits="0"></line>
						<line number="123" hits="0"></line>
					</lines>
				</class>
				<class name="-" filename="api/v2/core/base.pb.go" line-rate="0.6666667" branch-rate="0" complexity="0" line-count="12" line-hits="8">
					<methods>
						<method name="file_api_core_base_proto_rawDescGZIP" signature="" line-rate="0" branch-rate="0" complexity="0" line-count="0" line-hits="0">
							<lines>
								<line number="149" hits="0"></line>
								<line number="152" hits="0"></line>
							</lines>
						</method>
						<method name="@149:42" signature="" line-rate="0" branch-rate="0" complexity="0" line-count="0" line-hits="0">
							<lines>
								<line number="150" hits="0"></line>
							</lines>
						</method>
						<method name="init" signature="" line-rate="1" branch-rate="0" complexity="0" line-count="0" line-hits="0">
							<lines>
								<line number="168" hits="1"></line>
							</lines>
						</method>
						<method name="file_api_core_base_proto_init" signature="" line-rate="0.875" branch-rate="0" complexity="0" line-count="0" line-hits="0">
							<lines>
								<line number="170" hits="1"></line>
								<line number="171" hits="0"></line>
								<line number="173" hits="1"></line>
								<line number="174" hits="1"></line>
								<line number="187" hits="1"></line>
								<line number="188" hits="1"></line>
								<line number="189" hits="1"></line>
								<line number="190" hits="1"></line>
							</lines>
						</method>
					</methods>
					<lines>
						<line number="149" hits="0"></line>
						<line number="152" hits="0"></line>
						<line number="150" hits="0"></line>
						<line number="168" hits="1"></line>
						<line number="170" hits="1"></line>
						<line number="171" hits="0"></line>
						<line number="173" hits="1"></line>
						<line number="174" hits="1"></line>
						<line number="187" hits="1"></line>
						<line number="188" hits="1"></line>
						<line number="189" hits="1"></line>
						<line number="190" hits="1"></line>
					</lines>
				</class>
				<class name="ApiStatus" filename="api/v2/core/base.pb.go" line-rate="0.25" branch-rate="0" complexity="0" line-count="8" line-hits="2">
					<methods>
						<method name="Enum" signature="" line-rate="0" branch-rate="0" complexity="0" line-count="0" line-hits="0">
							<lines>
								<line number="54" hits="0"></line>
								<line number="55" hits="0"></line>
								<line number="56" hits="0"></line>
							</lines>
						</method>
						<method name="String" signature="" line-rate="1" branch-rate="0" complexity="0" line-count="0" line-hits="0">
							<lines>
								<line number="60" hits="1"></line>
							</lines>
						</method>
						<method name="Descriptor" signature="" line-rate="1" branch-rate="0" complexity="0" line-count="0" line-hits="0">
							<lines>
								<line number="64" hits="1"></line>
							</lines>
						</method>
						<method name="Type" signature="" line-rate="0" branch-rate="0" complexity="0" line-count="0" line-hits="0">
							<lines>
								<line number="68" hits="0"></line>
							</lines>
						</method>
						<method name="Number" signature="" line-rate="0" branch-rate="0" complexity="0" line-count="0" line-hits="0">
							<lines>
								<line number="72" hits="0"></line>
							</lines>
						</method>
						<method name="EnumDescriptor" signature="" line-rate="0" branch-rate="0" complexity="0" line-count="0" line-hits="0">
							<lines>
								<line number="77" hits="0"></line>
							</lines>
						</method>
					</methods>
					<lines>
						<line number="54" hits="0"></line>
						<line number="55" hits="0"></line>
						<line number="56" hits="0"></line>
						<line number="60" hits="1"></line>
						<line number="64" hits="1"></line>
						<line number="68" hits="0"></line>
						<line number="72" hits="0"></line>
						<line number="77" hits="0"></line>
					</lines>
				</class>
			</classes>
		</package>
		<package name="kmesh.net/kmesh/api/v2/endpoint" line-rate="0.20212767" branch-rate="0" complexity="0" line-count="94" line-hits="19">
			<classes>
				<class name="Endpoint" filename="api/v2/endpoint/endpoint.pb.go" line-rate="0" branch-rate="0" complexity="0" line-count="17" line-hits="0">
					<methods>
						<method name="Reset" signature="" line-rate="0" branch-rate="0" complexity="0" line-count="0" line-hits="0">
							<lines>
								<line number="33" hits="0"></line>
								<line number="34" hits="0"></line>
								<line number="35" hits="0"></line>
								<line number="36" hits="0"></line>
								<line number="37" hits="0"></line>
							</lines>
						</method>
						<method name="String" signature="" line-rate="0" branch-rate="0" complexity="0" line-count="0" line-hits="0">
							<lines>
								<line number="42" hits="0"></line>
							</lines>
						</method>
						<method name="ProtoMessage" signature="" line-rate="NaN" branch-rate="0" complexity="0" line-count="0" line-hits="0">
							<lines></lines>
						</method>
						<method name="ProtoReflect" signature="" line-rate="0" branch-rate="0" complexity="0" line-count="0" line-hits="0">
							<lines>
								<line number="48" hits="0"></line>
								<line number="49" hits="0"></line>
								<line number="50" hits="0"></line>
								<line number="51" hits="0"></line>
								<line number="52" hits="0"></line>
								<line number="54" hits="0"></line>
								<line number="56" hits="0"></line>
							</lines>
						</method>
						<method name="Descriptor" signature="" line-rate="0" branch-rate="0" complexity="0" line-count="0" line-hits="0">
							<lines>
								<line number="61" hits="0"></line>
							</lines>
						</method>
						<method name="GetAddress" signature="" line-rate="0" branch-rate="0" complexity="0" line-count="0" line-hits="0">
							<lines>
								<line number="65" hits="0"></line>
								<line number="66" hits="0"></line>
								<line number="68" hits="0"></line>
							</lines>
						</method>
					</methods>
					<lines>
						<line number="33" hits="0"></line>
						<line number="34" hits="0"></line>
						<line number="35" hits="0"></line>
						<line number="36" hits="0"></line>
						<line number="37" hits="0"></line>
						<line number="42" hits="0"></line>
						<line number="48" hits="0"></line>
						<line number="49" hits="0"></line>
						<line number="50" hits="0"></line>
						<line number="51" hits="0"></line>
						<line number="52" hits="0"></line>
						<line number="54" hits="0"></line>
						<line number="56" hits="0"></line>
						<line number="61" hits="0"></line>
						<line number="65" hits="0"></line>
						<line number="66" hits="0"></line>
						<line number="68" hits="0"></line>
					</lines>
				</class>
				<class name="LocalityLbEndpoints" filename="api/v2/endpoint/endpoint.pb.go" line-rate="0.115384616" branch-rate="0" complexity="0" line-count="26" line-hits="3">
					<methods>
						<method name="Reset" signature="" line-rate="0" branch-rate="0" complexity="0" line-count="0" line-hits="0">
							<lines>
								<line number="83" hits="0"></line>
								<line number="84" hits="0"></line>
								<line number="85" hits="0"></line>
								<line number="86" hits="0"></line>
								<line number="87" hits="0"></line>
							</lines>
						</method>
						<method name="String" signature="" line-rate="0" branch-rate="0" complexity="0" line-count="0" line-hits="0">
							<lines>
								<line number="92" hits="0"></line>
							</lines>
						</method>
						<method name="ProtoMessage" signature="" line-rate="NaN" branch-rate="0" complexity="0" line-count="0" line-hits="0">
							<lines></lines>
						</method>
						<method name="ProtoReflect" signature="" line-rate="0.42857143" branch-rate="0" complexity="0" line-count="0" line-hits="0">
							<lines>
								<line number="98" hits="1"></line>
								<line number="99" hits="1"></line>
								<line number="100" hits="0"></line>
								<line number="101" hits="0"></line>
								<line number="102" hits="0"></line>
								<line number="104" hits="0"></line>
								<line number="106" hits="1"></line>
							</lines>
						</method>
						<method name="Descriptor" signature="" line-rate="0" branch-rate="0" complexity="0" line-count="0" line-hits="0">
							<lines>
								<line number="111" hits="0"></line>
							</lines>
						</method>
						<method name="GetLbEndpoints" signature="" line-rate="0" branch-rate="0" complexity="0" line-count="0" line-hits="0">
							<lines>
								<line number="115" hits="0"></line>
								<line number="116" hits="0"></line>
								<line number="118" hits="0"></line>
							</lines>
						</method>
						<method name="GetLoadBalancingWeight" signature="" line-rate="0" branch-rate="0" complexity="0" line-count="0" line-hits="0">
							<lines>
								<line number="122" hits="0"></line>
								<line number="123" hits="0"></line>
								<line number="125" hits="0"></line>
							</lines>
						</method>
						<method name="GetPriority" signature="" line-rate="0" branch-rate="0" complexity="0" line-count="0" line-hits="0">
							<lines>
								<line number="129" hits="0"></line>
								<line number="130" hits="0"></line>
								<line number="132" hits="0"></line>
							</lines>
						</method>
						<method name="GetConnectNum" signature="" line-rate="0" branch-rate="0" complexity="0" line-count="0" line-hits="0">
							<lines>
								<line number="136" hits="0"></line>
								<line number="137" hits="0"></line>
								<line number="139" hits="0"></line>
							</lines>
						</method>
					</methods>
					<lines>
						<line number="83" hits="0"></line>
						<line number="84" hits="0"></line>
						<line number="85" hits="0"></line>
						<line number="86" hits="0"></line>
						<line number="87" hits="0"></line>
						<line number="92" hits="0"></line>
						<line number="98" hits="1"></line>
						<line number="99" hits="1"></line>
						<line number="100" hits="0"></line>
						<line number="101" hits="0"></line>
						<line number="102" hits="0"></line>
						<line number="104" hits="0"></line>
						<line number="106" hits="1"></line>
						<line number="111" hits="0"></line>
						<line number="115" hits="0"></line>
						<line number="116" hits="0"></line>
						<line number="118" hits="0"></line>
						<line number="122" hits="0"></line>
						<line number="123" hits="0"></line>
						<line number="125" hits="0"></line>
						<line number="129" hits="0"></line>
						<line number="130" hits="0"></line>
						<line number="132" hits="0"></line>
						<line number="136" hits="0"></line>
						<line number="137" hits="0"></line>
						<line number="139" hits="0"></line>
					</lines>
				</class>
				<class name="ClusterLoadAssignment" filename="api/v2/endpoint/endpoint.pb.go" line-rate="0.35" branch-rate="0" complexity="0" line-count="20" line-hits="7">
					<methods>
						<method name="Reset" signature="" line-rate="0" branch-rate="0" complexity="0" line-count="0" line-hits="0">
							<lines>
								<line number="152" hits="0"></line>
								<line number="153" hits="0"></line>
								<line number="154" hits="0"></line>
								<line number="155" hits="0"></line>
								<line number="156" hits="0"></line>
							</lines>
						</method>
						<method name="String" signature="" line-rate="0" branch-rate="0" complexity="0" line-count="0" line-hits="0">
							<lines>
								<line number="161" hits="0"></line>
							</lines>
						</method>
						<method name="ProtoMessage" signature="" line-rate="NaN" branch-rate="0" complexity="0" line-count="0" line-hits="0">
							<lines></lines>
						</method>
						<method name="ProtoReflect" signature="" line-rate="1" branch-rate="0" complexity="0" line-count="0" line-hits="0">
							<lines>
								<line number="167" hits="1"></line>
								<line number="168" hits="1"></line>
								<line number="169" hits="1"></line>
								<line number="170" hits="1"></line>
								<line number="171" hits="1"></line>
								<line number="173" hits="1"></line>
								<line number="175" hits="1"></line>
							</lines>
						</method>
						<method name="Descriptor" signature="" line-rate="0" branch-rate="0" complexity="0" line-count="0" line-hits="0">
							<lines>
								<line number="180" hits="0"></line>
							</lines>
						</method>
						<method name="GetClusterName" signature="" line-rate="0" branch-rate="0" complexity="0" line-count="0" line-hits="0">
							<lines>
								<line number="184" hits="0"></line>
								<line number="185" hits="0"></line>
								<line number="187" hits="0"></line>
							</lines>
						</method>
						<method name="GetEndpoints" signature="" line-rate="0" branch-rate="0" complexity="0" line-count="0" line-hits="0">
							<lines>
								<line number="191" hits="0"></line>
								<line number="192" hits="0"></line>
								<line number="194" hits="0"></line>
							</lines>
						</method>
					</methods>
					<lines>
						<line number="152" hits="0"></line>
						<line number="153" hits="0"></line>
						<line number="154" hits="0"></line>
						<line number="155" hits="0"></line>
						<line number="156" hits="0"></line>
						<line number="161" hits="0"></line>
						<line number="167" hits="1"></line>
						<line number="168" hits="1"></line>
						<line number="169" hits="1"></line>
						<line number="170" hits="1"></line>
						<line number="171" hits="1"></line>
						<line number="173" hits="1"></line>
						<line number="175" hits="1"></line>
						<line number="180" hits="0"></line>
						<line number="184" hits="0"></line>
						<line number="185" hits="0"></line>
						<line number="187" hits="0"></line>
						<line number="191" hits="0"></line>
						<line number="192" hits="0"></line>
						<line number="194" hits="0"></line>
					</lines>
				</class>
				<class name="-" filename="api/v2/endpoint/endpoint.pb.go" line-rate="0.29032257" branch-rate="0" complexity="0" line-count="31" line-hits="9">
					<methods>
						<method name="file_api_endpoint_endpoint_proto_rawDescGZIP" signature="" line-rate="0" branch-rate="0" complexity="0" line-count="0" line-hits="0">
							<lines>
								<line number="239" hits="0"></line>
								<line number="242" hits="0"></line>
							</lines>
						</method>
						<method name="@239:50" signature="" line-rate="0" branch-rate="0" complexity="0" line-count="0" line-hits="0">
							<lines>
								<line number="240" hits="0"></line>
							</lines>
						</method>
						<method name="init" signature="" line-rate="1" branch-rate="0" complexity="0" line-count="0" line-hits="0">
							<lines>
								<line number="263" hits="1"></line>
							</lines>
						</method>
						<method name="file_api_endpoint_endpoint_proto_init" signature="" line-rate="0.6666667" branch-rate="0" complexity="0" line-count="0" line-hits="0">
							<lines>
								<line number="265" hits="1"></line>
								<line number="266" hits="0"></line>
								<line number="268" hits="1"></line>
								<line number="269" hits="0"></line>
								<line number="281" hits="0"></line>
								<line number="293" hits="0"></line>
								<line number="306" hits="1"></line>
								<line number="307" hits="1"></line>
								<line number="320" hits="1"></line>
								<line number="321" hits="1"></line>
								<line number="322" hits="1"></line>
								<line number="323" hits="1"></line>
							</lines>
						</method>
						<method name="@269:59" signature="" line-rate="0" branch-rate="0" complexity="0" line-count="0" line-hits="0">
							<lines>
								<line number="270" hits="0"></line>
								<line number="272" hits="0"></line>
								<line number="274" hits="0"></line>
								<line number="276" hits="0"></line>
								<line number="278" hits="0"></line>
							</lines>
						</method>
						<method name="@281:59" signature="" line-rate="0" branch-rate="0" complexity="0" line-count="0" line-hits="0">
							<lines>
								<line number="282" hits="0"></line>
								<line number="284" hits="0"></line>
								<line number="286" hits="0"></line>
								<line number="288" hits="0"></line>
								<line number="290" hits="0"></line>
							</lines>
						</method>
						<method name="@293:59" signature="" line-rate="0" branch-rate="0" complexity="0" line-count="0" line-hits="0">
							<lines>
								<line number="294" hits="0"></line>
								<line number="296" hits="0"></line>
								<line number="298" hits="0"></line>
								<line number="300" hits="0"></line>
								<line number="302" hits="0"></line>
							</lines>
						</method>
					</methods>
					<lines>
						<line number="239" hits="0"></line>
						<line number="242" hits="0"></line>
						<line number="240" hits="0"></line>
						<line number="263" hits="1"></line>
						<line number="265" hits="1"></line>
						<line number="266" hits="0"></line>
						<line number="268" hits="1"></line>
						<line number="269" hits="0"></line>
						<line number="281" hits="0"></line>
						<line number="293" hits="0"></line>
						<line number="306" hits="1"></line>
						<line number="307" hits="1"></line>
						<line number="320" hits="1"></line>
						<line number="321" hits="1"></line>
						<line number="322" hits="1"></line>
						<line number="323" hits="1"></line>
						<line number="270" hits="0"></line>
						<line number="272" hits="0"></line>
						<line number="274" hits="0"></line>
						<line number="276" hits="0"></line>
						<line number="278" hits="0"></line>
						<line number="282" hits="0"></line>
						<line number="284" hits="0"></line>
						<line number="286" hits="0"></line>
						<line number="288" hits="0"></line>
						<line number="290" hits="0"></line>
						<line number="294" hits="0"></line>
						<line number="296" hits="0"></line>
						<line number="298" hits="0"></line>
						<line number="300" hits="0"></line>
						<line number="302" hits="0"></line>
					</lines>
				</class>
			</classes>
		</package>
		<package name="kmesh.net/kmesh/api/v2/filter" line-rate="0.24113475" branch-rate="0" complexity="0" line-count="141" line-hits="34">
			<classes>
				<class name="HttpConnectionManager" filename="api/v2/filter/http_connection_manager.pb.go" line-rate="0.3043478" branch-rate="0" complexity="0" line-count="23" line-hits="7">
					<methods>
						<method name="Reset" signature="" line-rate="0" branch-rate="0" complexity="0" line-count="0" line-hits="0">
							<lines>
								<line number="37" hits="0"></line>
								<line number="38" hits="0"></line>
								<line number="39" hits="0"></line>
								<line number="40" hits="0"></line>
								<line number="41" hits="0"></line>
							</lines>
						</method>
						<method name="String" signature="" line-rate="0" branch-rate="0" complexity="0" line-count="0" line-hits="0">
							<lines>
								<line number="46" hits="0"></line>
							</lines>
						</method>
						<method name="ProtoMessage" signature="" line-rate="NaN" branch-rate="0" complexity="0" line-count="0" line-hits="0">
							<lines></lines>
						</method>
						<method name="ProtoReflect" signature="" line-rate="1" branch-rate="0" complexity="0" line-count="0" line-hits="0">
							<lines>
								<line number="52" hits="1"></line>
								<line number="53" hits="1"></line>
								<line number="54" hits="1"></line>
								<line number="55" hits="1"></line>
								<line number="56" hits="1"></line>
								<line number="58" hits="1"></line>
								<line number="60" hits="1"></line>
							</lines>
						</method>
						<method name="Descriptor" signature="" line-rate="0" branch-rate="0" complexity="0" line-count="0" line-hits="0">
							<lines>
								<line number="65" hits="0"></line>
							</lines>
						</method>
						<method name="GetRouteSpecifier" signature="" line-rate="0" branch-rate="0" complexity="0" line-count="0" line-hits="0">
							<lines>
								<line number="69" hits="0"></line>
								<line number="70" hits="0"></line>
								<line number="72" hits="0"></line>
							</lines>
						</method>
						<method name="GetRouteConfigName" signature="" line-rate="0" branch-rate="0" complexity="0" line-count="0" line-hits="0">
							<lines>
								<line number="76" hits="0"></line>
								<line number="77" hits="0"></line>
								<line number="79" hits="0"></line>
							</lines>
						</method>
						<method name="GetRouteConfig" signature="" line-rate="0" branch-rate="0" complexity="0" line-count="0" line-hits="0">
							<lines>
								<line number="83" hits="0"></line>
								<line number="84" hits="0"></line>
								<line number="86" hits="0"></line>
							</lines>
						</method>
					</methods>
					<lines>
						<line number="37" hits="0"></line>
						<line number="38" hits="0"></line>
						<line number="39" hits="0"></line>
						<line number="40" hits="0"></line>
						<line number="41" hits="0"></line>
						<line number="46" hits="0"></line>
						<line number="52" hits="1"></line>
						<line number="53" hits="1"></line>
						<line number="54" hits="1"></line>
						<line number="55" hits="1"></line>
						<line number="56" hits="1"></line>
						<line number="58" hits="1"></line>
						<line number="60" hits="1"></line>
						<line number="65" hits="0"></line>
						<line number="69" hits="0"></line>
						<line number="70" hits="0"></line>
						<line number="72" hits="0"></line>
						<line number="76" hits="0"></line>
						<line number="77" hits="0"></line>
						<line number="79" hits="0"></line>
						<line number="83" hits="0"></line>
						<line number="84" hits="0"></line>
						<line number="86" hits="0"></line>
					</lines>
				</class>
				<class name="HttpConnectionManager_RouteConfigName" filename="api/v2/filter/http_connection_manager.pb.go" line-rate="NaN" branch-rate="0" complexity="0" line-count="0" line-hits="0">
					<methods>
						<method name="isHttpConnectionManager_RouteSpecifier" signature="" line-rate="NaN" branch-rate="0" complexity="0" line-count="0" line-hits="0">
							<lines></lines>
						</method>
					</methods>
					<lines></lines>
				</class>
				<class name="HttpConnectionManager_RouteConfig" filename="api/v2/filter/http_connection_manager.pb.go" line-rate="NaN" branch-rate="0" complexity="0" line-count="0" line-hits="0">
					<methods>
						<method name="isHttpConnectionManager_RouteSpecifier" signature="" line-rate="NaN" branch-rate="0" complexity="0" line-count="0" line-hits="0">
							<lines></lines>
						</method>
					</methods>
					<lines></lines>
				</class>
				<class name="-" filename="api/v2/filter/http_connection_manager.pb.go" line-rate="0.5" branch-rate="0" complexity="0" line-count="20" line-hits="10">
					<methods>
						<method name="file_api_filter_http_connection_manager_proto_rawDescGZIP" signature="" line-rate="0" branch-rate="0" complexity="0" line-count="0" line-hits="0">
							<lines>
								<line number="134" hits="0"></line>
								<line number="137" hits="0"></line>
							</lines>
						</method>
						<method name="@134:63" signature="" line-rate="0" branch-rate="0" complexity="0" line-count="0" line-hits="0">
							<lines>
								<line number="135" hits="0"></line>
							</lines>
						</method>
						<method name="init" signature="" line-rate="1" branch-rate="0" complexity="0" line-count="0" line-hits="0">
							<lines>
								<line number="154" hits="1"></line>
							</lines>
						</method>
						<method name="file_api_filter_http_connection_manager_proto_init" signature="" line-rate="0.8181818" branch-rate="0" complexity="0" line-count="0" line-hits="0">
							<lines>
								<line number="156" hits="1"></line>
								<line number="157" hits="0"></line>
								<line number="159" hits="1"></line>
								<line number="160" hits="0"></line>
								<line number="173" hits="1"></line>
								<line number="177" hits="1"></line>
								<line number="178" hits="1"></line>
								<line number="191" hits="1"></line>
								<line number="192" hits="1"></line>
								<line number="193" hits="1"></line>
								<line number="194" hits="1"></line>
							</lines>
						</method>
						<method name="@160:72" signature="" line-rate="0" branch-rate="0" complexity="0" line-count="0" line-hits="0">
							<lines>
								<line number="161" hits="0"></line>
								<line number="163" hits="0"></line>
								<line number="165" hits="0"></line>
								<line number="167" hits="0"></line>
								<line number="169" hits="0"></line>
							</lines>
						</method>
					</methods>
					<lines>
						<line number="134" hits="0"></line>
						<line number="137" hits="0"></line>
						<line number="135" hits="0"></line>
						<line number="154" hits="1"></line>
						<line number="156" hits="1"></line>
						<line number="157" hits="0"></line>
						<line number="159" hits="1"></line>
						<line number="160" hits="0"></line>
						<line number="173" hits="1"></line>
						<line number="177" hits="1"></line>
						<line number="178" hits="1"></line>
						<line number="191" hits="1"></line>
						<line number="192" hits="1"></line>
						<line number="193" hits="1"></line>
						<line number="194" hits="1"></line>
						<line number="161" hits="0"></line>
						<line number="163" hits="0"></line>
						<line number="165" hits="0"></line>
						<line number="167" hits="0"></line>
						<line number="169" hits="0"></line>
					</lines>
				</class>
				<class name="TcpProxy" filename="api/v2/filter/tcp_proxy.pb.go" line-rate="0.2413793" branch-rate="0" complexity="0" line-count="29" line-hits="7">
					<methods>
						<method name="Reset" signature="" line-rate="0" branch-rate="0" complexity="0" line-count="0" line-hits="0">
							<lines>
								<line number="39" hits="0"></line>
								<line number="40" hits="0"></line>
								<line number="41" hits="0"></line>
								<line number="42" hits="0"></line>
								<line number="43" hits="0"></line>
							</lines>
						</method>
						<method name="String" signature="" line-rate="0" branch-rate="0" complexity="0" line-count="0" line-hits="0">
							<lines>
								<line number="48" hits="0"></line>
							</lines>
						</method>
						<method name="ProtoMessage" signature="" line-rate="NaN" branch-rate="0" complexity="0" line-count="0" line-hits="0">
							<lines></lines>
						</method>
						<method name="ProtoReflect" signature="" line-rate="0.42857143" branch-rate="0" complexity="0" line-count="0" line-hits="0">
							<lines>
								<line number="54" hits="1"></line>
								<line number="55" hits="1"></line>
								<line number="56" hits="0"></line>
								<line number="57" hits="0"></line>
								<line number="58" hits="0"></line>
								<line number="60" hits="0"></line>
								<line number="62" hits="1"></line>
							</lines>
						</method>
						<method name="Descriptor" signature="" line-rate="0" branch-rate="0" complexity="0" line-count="0" line-hits="0">
							<lines>
								<line number="67" hits="0"></line>
							</lines>
						</method>
						<method name="GetStatPrefix" signature="" line-rate="0" branch-rate="0" complexity="0" line-count="0" line-hits="0">
							<lines>
								<line number="71" hits="0"></line>
								<line number="72" hits="0"></line>
								<line number="74" hits="0"></line>
							</lines>
						</method>
						<method name="GetClusterSpecifier" signature="" line-rate="0.6666667" branch-rate="0" complexity="0" line-count="0" line-hits="0">
							<lines>
								<line number="78" hits="1"></line>
								<line number="79" hits="1"></line>
								<line number="81" hits="0"></line>
							</lines>
						</method>
						<method name="GetCluster" signature="" line-rate="0.6666667" branch-rate="0" complexity="0" line-count="0" line-hits="0">
							<lines>
								<line number="85" hits="1"></line>
								<line number="86" hits="1"></line>
								<line number="88" hits="0"></line>
							</lines>
						</method>
						<method name="GetWeightedClusters" signature="" line-rate="0" branch-rate="0" complexity="0" line-count="0" line-hits="0">
							<lines>
								<line number="92" hits="0"></line>
								<line number="93" hits="0"></line>
								<line number="95" hits="0"></line>
							</lines>
						</method>
						<method name="GetMaxConnectAttempts" signature="" line-rate="0" branch-rate="0" complexity="0" line-count="0" line-hits="0">
							<lines>
								<line number="99" hits="0"></line>
								<line number="100" hits="0"></line>
								<line number="102" hits="0"></line>
							</lines>
						</method>
					</methods>
					<lines>
						<line number="39" hits="0"></line>
						<line number="40" hits="0"></line>
						<line number="41" hits="0"></line>
						<line number="42" hits="0"></line>
						<line number="43" hits="0"></line>
						<line number="48" hits="0"></line>
						<line number="54" hits="1"></line>
						<line number="55" hits="1"></line>
						<line number="56" hits="0"></line>
						<line number="57" hits="0"></line>
						<line number="58" hits="0"></line>
						<line number="60" hits="0"></line>
						<line number="62" hits="1"></line>
						<line number="67" hits="0"></line>
						<line number="71" hits="0"></line>
						<line number="72" hits="0"></line>
						<line number="74" hits="0"></line>
						<line number="78" hits="1"></line>
						<line number="79" hits="1"></line>
						<line number="81" hits="0"></line>
						<line number="85" hits="1"></line>
						<line number="86" hits="1"></line>
						<line number="88" hits="0"></line>
						<line number="92" hits="0"></line>
						<line number="93" hits="0"></line>
						<line number="95" hits="0"></line>
						<line number="99" hits="0"></line>
						<line number="100" hits="0"></line>
						<line number="102" hits="0"></line>
					</lines>
				</class>
				<class name="TcpProxy_Cluster" filename="api/v2/filter/tcp_proxy.pb.go" line-rate="NaN" branch-rate="0" complexity="0" line-count="0" line-hits="0">
					<methods>
						<method name="isTcpProxy_ClusterSpecifier" signature="" line-rate="NaN" branch-rate="0" complexity="0" line-count="0" line-hits="0">
							<lines></lines>
						</method>
					</methods>
					<lines></lines>
				</class>
				<class name="TcpProxy_WeightedClusters" filename="api/v2/filter/tcp_proxy.pb.go" line-rate="NaN" branch-rate="0" complexity="0" line-count="0" line-hits="0">
					<methods>
						<method name="isTcpProxy_ClusterSpecifier" signature="" line-rate="NaN" branch-rate="0" complexity="0" line-count="0" line-hits="0">
							<lines></lines>
						</method>
					</methods>
					<lines></lines>
				</class>
				<class name="TcpProxy_WeightedCluster" filename="api/v2/filter/tcp_proxy.pb.go" line-rate="0" branch-rate="0" complexity="0" line-count="17" line-hits="0">
					<methods>
						<method name="Reset" signature="" line-rate="0" branch-rate="0" complexity="0" line-count="0" line-hits="0">
							<lines>
								<line number="136" hits="0"></line>
								<line number="137" hits="0"></line>
								<line number="138" hits="0"></line>
								<line number="139" hits="0"></line>
								<line number="140" hits="0"></line>
							</lines>
						</method>
						<method name="String" signature="" line-rate="0" branch-rate="0" complexity="0" line-count="0" line-hits="0">
							<lines>
								<line number="145" hits="0"></line>
							</lines>
						</method>
						<method name="ProtoMessage" signature="" line-rate="NaN" branch-rate="0" complexity="0" line-count="0" line-hits="0">
							<lines></lines>
						</method>
						<method name="ProtoReflect" signature="" line-rate="0" branch-rate="0" complexity="0" line-count="0" line-hits="0">
							<lines>
								<line number="151" hits="0"></line>
								<line number="152" hits="0"></line>
								<line number="153" hits="0"></line>
								<line number="154" hits="0"></line>
								<line number="155" hits="0"></line>
								<line number="157" hits="0"></line>
								<line number="159" hits="0"></line>
							</lines>
						</method>
						<method name="Descriptor" signature="" line-rate="0" branch-rate="0" complexity="0" line-count="0" line-hits="0">
							<lines>
								<line number="164" hits="0"></line>
							</lines>
						</method>
						<method name="GetClusters" signature="" line-rate="0" branch-rate="0" complexity="0" line-count="0" line-hits="0">
							<lines>
								<line number="168" hits="0"></line>
								<line number="169" hits="0"></line>
								<line number="171" hits="0"></line>
							</lines>
						</method>
					</methods>
					<lines>
						<line number="136" hits="0"></line>
						<line number="137" hits="0"></line>
						<line number="138" hits="0"></line>
						<line number="139" hits="0"></line>
						<line number="140" hits="0"></line>
						<line number="145" hits="0"></line>
						<line number="151" hits="0"></line>
						<line number="152" hits="0"></line>
						<line number="153" hits="0"></line>
						<line number="154" hits="0"></line>
						<line number="155" hits="0"></line>
						<line number="157" hits="0"></line>
						<line number="159" hits="0"></line>
						<line number="164" hits="0"></line>
						<line number="168" hits="0"></line>
						<line number="169" hits="0"></line>
						<line number="171" hits="0"></line>
					</lines>
				</class>
				<class name="TcpProxy_WeightedCluster_ClusterWeight" filename="api/v2/filter/tcp_proxy.pb.go" line-rate="0" branch-rate="0" complexity="0" line-count="20" line-hits="0">
					<methods>
						<method name="Reset" signature="" line-rate="0" branch-rate="0" complexity="0" line-count="0" line-hits="0">
							<lines>
								<line number="186" hits="0"></line>
								<line number="187" hits="0"></line>
								<line number="188" hits="0"></line>
								<line number="189" hits="0"></line>
								<line number="190" hits="0"></line>
							</lines>
						</method>
						<method name="String" signature="" line-rate="0" branch-rate="0" complexity="0" line-count="0" line-hits="0">
							<lines>
								<line number="195" hits="0"></line>
							</lines>
						</method>
						<method name="ProtoMessage" signature="" line-rate="NaN" branch-rate="0" complexity="0" line-count="0" line-hits="0">
							<lines></lines>
						</method>
						<method name="ProtoReflect" signature="" line-rate="0" branch-rate="0" complexity="0" line-count="0" line-hits="0">
							<lines>
								<line number="201" hits="0"></line>
								<line number="202" hits="0"></line>
								<line number="203" hits="0"></line>
								<line number="204" hits="0"></line>
								<line number="205" hits="0"></line>
								<line number="207" hits="0"></line>
								<line number="209" hits="0"></line>
							</lines>
						</method>
						<method name="Descriptor" signature="" line-rate="0" branch-rate="0" complexity="0" line-count="0" line-hits="0">
							<lines>
								<line number="214" hits="0"></line>
							</lines>
						</method>
						<method name="GetName" signature="" line-rate="0" branch-rate="0" complexity="0" line-count="0" line-hits="0">
							<lines>
								<line number="218" hits="0"></line>
								<line number="219" hits="0"></line>
								<line number="221" hits="0"></line>
							</lines>
						</method>
						<method name="GetWeight" signature="" line-rate="0" branch-rate="0" complexity="0" line-count="0" line-hits="0">
							<lines>
								<line number="225" hits="0"></line>
								<line number="226" hits="0"></line>
								<line number="228" hits="0"></line>
							</lines>
						</method>
					</methods>
					<lines>
						<line number="186" hits="0"></line>
						<line number="187" hits="0"></line>
						<line number="188" hits="0"></line>
						<line number="189" hits="0"></line>
						<line number="190" hits="0"></line>
						<line number="195" hits="0"></line>
						<line number="201" hits="0"></line>
						<line number="202" hits="0"></line>
						<line number="203" hits="0"></line>
						<line number="204" hits="0"></line>
						<line number="205" hits="0"></line>
						<line number="207" hits="0"></line>
						<line number="209" hits="0"></line>
						<line number="214" hits="0"></line>
						<line number="218" hits="0"></line>
						<line number="219" hits="0"></line>
						<line number="221" hits="0"></line>
						<line number="225" hits="0"></line>
						<line number="226" hits="0"></line>
						<line number="228" hits="0"></line>
					</lines>
				</class>
				<class name="-" filename="api/v2/filter/tcp_proxy.pb.go" line-rate="0.3125" branch-rate="0" complexity="0" line-count="32" line-hits="10">
					<methods>
						<method name="file_api_filter_tcp_proxy_proto_rawDescGZIP" signature="" line-rate="0" branch-rate="0" complexity="0" line-count="0" line-hits="0">
							<lines>
								<line number="271" hits="0"></line>
								<line number="274" hits="0"></line>
							</lines>
						</method>
						<method name="@271:49" signature="" line-rate="0" branch-rate="0" complexity="0" line-count="0" line-hits="0">
							<lines>
								<line number="272" hits="0"></line>
							</lines>
						</method>
						<method name="init" signature="" line-rate="1" branch-rate="0" complexity="0" line-count="0" line-hits="0">
							<lines>
								<line number="293" hits="1"></line>
							</lines>
						</method>
						<method name="file_api_filter_tcp_proxy_proto_init" signature="" line-rate="0.6923077" branch-rate="0" complexity="0" line-count="0" line-hits="0">
							<lines>
								<line number="295" hits="1"></line>
								<line number="296" hits="0"></line>
								<line number="298" hits="1"></line>
								<line number="299" hits="0"></line>
								<line number="311" hits="0"></line>
								<line number="323" hits="0"></line>
								<line number="336" hits="1"></line>
								<line number="340" hits="1"></line>
								<line number="341" hits="1"></line>
								<line number="354" hits="1"></line>
								<line number="355" hits="1"></line>
								<line number="356" hits="1"></line>
								<line number="357" hits="1"></line>
[...]
								<line number="36" hits="0"></line>
								<line number="38" hits="0"></line>
							</lines>
						</method>
						<method name="ConvertUint32ToIp" signature="" line-rate="0" branch-rate="0" complexity="0" line-count="0" line-hits="0">
							<lines>
								<line number="43" hits="0"></line>
								<line number="44" hits="0"></line>
								<line number="45" hits="0"></line>
							</lines>
						</method>
						<method name="ConvertPortToBigEndian" signature="" line-rate="1" branch-rate="0" complexity="0" line-count="0" line-hits="0">
							<lines>
								<line number="52" hits="1"></line>
								<line number="53" hits="1"></line>
								<line number="54" hits="1"></line>
								<line number="55" hits="1"></line>
								<line number="56" hits="1"></line>
							</lines>
						</method>
						<method name="ConvertIpByteToUint32" signature="" line-rate="1" branch-rate="0" complexity="0" line-count="0" line-hits="0">
							<lines>
								<line number="61" hits="1"></line>
							</lines>
						</method>
					</methods>
					<lines>
						<line number="27" hits="1"></line>
						<line number="28" hits="1"></line>
						<line number="29" hits="1"></line>
						<line number="32" hits="1"></line>
						<line number="33" hits="1"></line>
						<line number="35" hits="0"></line>
						<line number="36" hits="0"></line>
						<line number="38" hits="0"></line>
						<line number="43" hits="0"></line>
						<line number="44" hits="0"></line>
						<line number="45" hits="0"></line>
						<line number="52" hits="1"></line>
						<line number="53" hits="1"></line>
						<line number="54" hits="1"></line>
						<line number="55" hits="1"></line>
						<line number="56" hits="1"></line>
						<line number="61" hits="1"></line>
					</lines>
				</class>
			</classes>
		</package>
		<package name="kmesh.net/kmesh/pkg/utils" line-rate="0" branch-rate="0" complexity="0" line-count="123" line-hits="0">
			<classes>
				<class name="-" filename="pkg/utils/ebpf.go" line-rate="0" branch-rate="0" complexity="0" line-count="28" line-hits="0">
					<methods>
						<method name="GetProgramByName" signature="" line-rate="0" branch-rate="0" complexity="0" line-count="0" line-hits="0">
							<lines>
								<line number="26" hits="0"></line>
								<line number="33" hits="0"></line>
								<line number="35" hits="0"></line>
								<line number="36" hits="0"></line>
								<line number="37" hits="0"></line>
								<line number="38" hits="0"></line>
								<line number="41" hits="0"></line>
								<line number="42" hits="0"></line>
								<line number="43" hits="0"></line>
								<line number="46" hits="0"></line>
								<line number="47" hits="0"></line>
								<line number="48" hits="0"></line>
								<line number="51" hits="0"></line>
								<line number="52" hits="0"></line>
							</lines>
						</method>
						<method name="GetMapByName" signature="" line-rate="0" branch-rate="0" complexity="0" line-count="0" line-hits="0">
							<lines>
								<line number="58" hits="0"></line>
								<line number="65" hits="0"></line>
								<line number="67" hits="0"></line>
								<line number="68" hits="0"></line>
								<line number="69" hits="0"></line>
								<line number="70" hits="0"></line>
								<line number="73" hits="0"></line>
								<line number="74" hits="0"></line>
								<line number="75" hits="0"></line>
								<line number="78" hits="0"></line>
								<line number="79" hits="0"></line>
								<line number="80" hits="0"></line>
								<line number="83" hits="0"></line>
								<line number="84" hits="0"></line>
							</lines>
						</method>
					</methods>
					<lines>
						<line number="26" hits="0"></line>
						<line number="33" hits="0"></line>
						<line number="35" hits="0"></line>
						<line number="36" hits="0"></line>
						<line number="37" hits="0"></line>
						<line number="38" hits="0"></line>
						<line number="41" hits="0"></line>
						<line number="42" hits="0"></line>
						<line number="43" hits="0"></line>
						<line number="46" hits="0"></line>
						<line number="47" hits="0"></line>
						<line number="48" hits="0"></line>
						<line number="51" hits="0"></line>
						<line number="52" hits="0"></line>
						<line number="58" hits="0"></line>
						<line number="65" hits="0"></line>
						<line number="67" hits="0"></line>
						<line number="68" hits="0"></line>
						<line number="69" hits="0"></line>
						<line number="70" hits="0"></line>
						<line number="73" hits="0"></line>
						<line number="74" hits="0"></line>
						<line number="75" hits="0"></line>
						<line number="78" hits="0"></line>
						<line number="79" hits="0"></line>
						<line number="80" hits="0"></line>
						<line number="83" hits="0"></line>
						<line number="84" hits="0"></line>
					</lines>
				</class>
				<class name="-" filename="pkg/utils/exec.go" line-rate="0" branch-rate="0" complexity="0" line-count="33" line-hits="0">
					<methods>
						<method name="ExecuteWithRedirect" signature="" line-rate="0" branch-rate="0" complexity="0" line-count="0" line-hits="0">
							<lines>
								<line number="34" hits="0"></line>
								<line number="35" hits="0"></line>
								<line number="36" hits="0"></line>
								<line number="37" hits="0"></line>
								<line number="38" hits="0"></line>
								<line number="40" hits="0"></line>
								<line number="41" hits="0"></line>
								<line number="42" hits="0"></line>
								<line number="43" hits="0"></line>
								<line number="44" hits="0"></line>
								<line number="45" hits="0"></line>
								<line number="47" hits="0"></line>
							</lines>
						</method>
						<method name="Execute" signature="" line-rate="0" branch-rate="0" complexity="0" line-count="0" line-hits="0">
							<lines>
								<line number="51" hits="0"></line>
								<line number="52" hits="0"></line>
								<line number="54" hits="0"></line>
								<line number="56" hits="0"></line>
								<line number="57" hits="0"></line>
								<line number="60" hits="0"></line>
								<line number="61" hits="0"></line>
								<line number="62" hits="0"></line>
								<line number="63" hits="0"></line>
								<line number="65" hits="0"></line>
							</lines>
						</method>
						<method name="executeCore" signature="" line-rate="0" branch-rate="0" complexity="0" line-count="0" line-hits="0">
							<lines>
								<line number="69" hits="0"></line>
								<line number="70" hits="0"></line>
								<line number="72" hits="0"></line>
								<line number="73" hits="0"></line>
								<line number="74" hits="0"></line>
								<line number="75" hits="0"></line>
								<line number="78" hits="0"></line>
								<line number="79" hits="0"></line>
								<line number="80" hits="0"></line>
								<line number="83" hits="0"></line>
								<line number="90" hits="0"></line>
							</lines>
						</method>
					</methods>
					<lines>
						<line number="34" hits="0"></line>
						<line number="35" hits="0"></line>
						<line number="36" hits="0"></line>
						<line number="37" hits="0"></line>
						<line number="38" hits="0"></line>
						<line number="40" hits="0"></line>
						<line number="41" hits="0"></line>
						<line number="42" hits="0"></line>
						<line number="43" hits="0"></line>
						<line number="44" hits="0"></line>
						<line number="45" hits="0"></line>
						<line number="47" hits="0"></line>
						<line number="51" hits="0"></line>
						<line number="52" hits="0"></line>
						<line number="54" hits="0"></line>
						<line number="56" hits="0"></line>
						<line number="57" hits="0"></line>
						<line number="60" hits="0"></line>
						<line number="61" hits="0"></line>
						<line number="62" hits="0"></line>
						<line number="63" hits="0"></line>
						<line number="65" hits="0"></line>
						<line number="69" hits="0"></line>
						<line number="70" hits="0"></line>
						<line number="72" hits="0"></line>
						<line number="73" hits="0"></line>
						<line number="74" hits="0"></line>
						<line number="75" hits="0"></line>
						<line number="78" hits="0"></line>
						<line number="79" hits="0"></line>
						<line number="80" hits="0"></line>
						<line number="83" hits="0"></line>
						<line number="90" hits="0"></line>
					</lines>
				</class>
				<class name="-" filename="pkg/utils/fileop.go" line-rate="0" branch-rate="0" complexity="0" line-count="38" line-hits="0">
					<methods>
						<method name="AtomicCopy" signature="" line-rate="0" branch-rate="0" complexity="0" line-count="0" line-hits="0">
							<lines>
								<line number="31" hits="0"></line>
								<line number="32" hits="0"></line>
								<line number="33" hits="0"></line>
								<line number="35" hits="0"></line>
								<line number="37" hits="0"></line>
								<line number="38" hits="0"></line>
								<line number="39" hits="0"></line>
								<line number="42" hits="0"></line>
								<line number="43" hits="0"></line>
								<line number="44" hits="0"></line>
								<line number="47" hits="0"></line>
							</lines>
						</method>
						<method name="AtomicWrite" signature="" line-rate="0" branch-rate="0" complexity="0" line-count="0" line-hits="0">
							<lines>
								<line number="52" hits="0"></line>
								<line number="53" hits="0"></line>
								<line number="54" hits="0"></line>
								<line number="55" hits="0"></line>
								<line number="56" hits="0"></line>
								<line number="57" hits="0"></line>
								<line number="58" hits="0"></line>
								<line number="60" hits="0"></line>
								<line number="65" hits="0"></line>
								<line number="66" hits="0"></line>
								<line number="67" hits="0"></line>
								<line number="68" hits="0"></line>
								<line number="71" hits="0"></line>
								<line number="72" hits="0"></line>
								<line number="73" hits="0"></line>
								<line number="74" hits="0"></line>
								<line number="77" hits="0"></line>
								<line number="78" hits="0"></line>
								<line number="79" hits="0"></line>
								<line number="80" hits="0"></line>
								<line number="83" hits="0"></line>
								<line number="84" hits="0"></line>
								<line number="85" hits="0"></line>
								<line number="86" hits="0"></line>
								<line number="88" hits="0"></line>
							</lines>
						</method>
						<method name="@60:8" signature="" line-rate="0" branch-rate="0" complexity="0" line-count="0" line-hits="0">
							<lines>
								<line number="61" hits="0"></line>
								<line number="62" hits="0"></line>
							</lines>
						</method>
					</methods>
					<lines>
						<line number="31" hits="0"></line>
						<line number="32" hits="0"></line>
						<line number="33" hits="0"></line>
						<line number="35" hits="0"></line>
						<line number="37" hits="0"></line>
						<line number="38" hits="0"></line>
						<line number="39" hits="0"></line>
						<line number="42" hits="0"></line>
						<line number="43" hits="0"></line>
						<line number="44" hits="0"></line>
						<line number="47" hits="0"></line>
						<line number="52" hits="0"></line>
						<line number="53" hits="0"></line>
						<line number="54" hits="0"></line>
						<line number="55" hits="0"></line>
						<line number="56" hits="0"></line>
						<line number="57" hits="0"></line>
						<line number="58" hits="0"></line>
						<line number="60" hits="0"></line>
						<line number="65" hits="0"></line>
						<line number="66" hits="0"></line>
						<line number="67" hits="0"></line>
						<line number="68" hits="0"></line>
						<line number="71" hits="0"></line>
						<line number="72" hits="0"></line>
						<line number="73" hits="0"></line>
						<line number="74" hits="0"></line>
						<line number="77" hits="0"></line>
						<line number="78" hits="0"></line>
						<line number="79" hits="0"></line>
						<line number="80" hits="0"></line>
						<line number="83" hits="0"></line>
						<line number="84" hits="0"></line>
						<line number="85" hits="0"></line>
						<line number="86" hits="0"></line>
						<line number="88" hits="0"></line>
						<line number="61" hits="0"></line>
						<line number="62" hits="0"></line>
					</lines>
				</class>
				<class name="-" filename="pkg/utils/kubeclient.go" line-rate="0" branch-rate="0" complexity="0" line-count="16" line-hits="0">
					<methods>
						<method name="GetK8sclient" signature="" line-rate="0" branch-rate="0" complexity="0" line-count="0" line-hits="0">
							<lines>
								<line number="29" hits="0"></line>
								<line number="31" hits="0"></line>
								<line number="32" hits="0"></line>
								<line number="33" hits="0"></line>
								<line number="37" hits="0"></line>
								<line number="38" hits="0"></line>
								<line number="39" hits="0"></line>
								<line number="42" hits="0"></line>
							</lines>
						</method>
						<method name="CreateK8sClientSet" signature="" line-rate="0" branch-rate="0" complexity="0" line-count="0" line-hits="0">
							<lines>
								<line number="47" hits="0"></line>
								<line number="49" hits="0"></line>
								<line number="50" hits="0"></line>
								<line number="51" hits="0"></line>
								<line number="55" hits="0"></line>
								<line number="56" hits="0"></line>
								<line number="57" hits="0"></line>
								<line number="59" hits="0"></line>
							</lines>
						</method>
					</methods>
					<lines>
						<line number="29" hits="0"></line>
						<line number="31" hits="0"></line>
						<line number="32" hits="0"></line>
						<line number="33" hits="0"></line>
						<line number="37" hits="0"></line>
						<line number="38" hits="0"></line>
						<line number="39" hits="0"></line>
						<line number="42" hits="0"></line>
						<line number="47" hits="0"></line>
						<line number="49" hits="0"></line>
						<line number="50" hits="0"></line>
						<line number="51" hits="0"></line>
						<line number="55" hits="0"></line>
						<line number="56" hits="0"></line>
						<line number="57" hits="0"></line>
						<line number="59" hits="0"></line>
					</lines>
				</class>
				<class name="-" filename="pkg/utils/nettools.go" line-rate="0" branch-rate="0" complexity="0" line-count="8" line-hits="0">
					<methods>
						<method name="Ifname2ifindex" signature="" line-rate="0" branch-rate="0" complexity="0" line-count="0" line-hits="0">
							<lines>
								<line number="25" hits="0"></line>
								<line number="26" hits="0"></line>
								<line number="27" hits="0"></line>
								<line number="28" hits="0"></line>
								<line number="30" hits="0"></line>
								<line number="31" hits="0"></line>
								<line number="32" hits="0"></line>
								<line number="35" hits="0"></line>
							</lines>
						</method>
					</methods>
					<lines>
						<line number="25" hits="0"></line>
						<line number="26" hits="0"></line>
						<line number="27" hits="0"></line>
						<line number="28" hits="0"></line>
						<line number="30" hits="0"></line>
						<line number="31" hits="0"></line>
						<line number="32" hits="0"></line>
						<line number="35" hits="0"></line>
					</lines>
				</class>
			</classes>
		</package>
		<package name="kmesh.net/kmesh/pkg/utils/hash" line-rate="0.5" branch-rate="0" complexity="0" line-count="2" line-hits="1">
			<classes>
				<class name="-" filename="pkg/utils/hash/hash.go" line-rate="0.5" branch-rate="0" complexity="0" line-count="2" line-hits="1">
					<methods>
						<method name="Sum64" signature="" line-rate="0" branch-rate="0" complexity="0" line-count="0" line-hits="0">
							<lines>
								<line number="24" hits="0"></line>
							</lines>
						</method>
						<method name="Sum64String" signature="" line-rate="1" branch-rate="0" complexity="0" line-count="0" line-hits="0">
							<lines>
								<line number="27" hits="1"></line>
							</lines>
						</method>
					</methods>
					<lines>
						<line number="24" hits="0"></line>
						<line number="27" hits="1"></line>
					</lines>
				</class>
			</classes>
		</package>
		<package name="kmesh.net/kmesh/pkg/utils/test" line-rate="0.62857145" branch-rate="0" complexity="0" line-count="35" line-hits="22">
			<classes>
				<class name="-" filename="pkg/utils/test/bpf_map.go" line-rate="0.62857145" branch-rate="0" complexity="0" line-count="35" line-hits="22">
					<methods>
						<method name="InitBpfMap" signature="" line-rate="0.5652174" branch-rate="0" complexity="0" line-count="0" line-hits="0">
							<lines>
								<line number="35" hits="1"></line>
								<line number="36" hits="1"></line>
								<line number="37" hits="0"></line>
								<line number="39" hits="1"></line>
								<line number="40" hits="1"></line>
								<line number="41" hits="0"></line>
								<line number="42" hits="0"></line>
								<line number="44" hits="1"></line>
								<line number="45" hits="1"></line>
								<line number="46" hits="0"></line>
								<line number="47" hits="0"></line>
								<line number="50" hits="1"></line>
								<line number="51" hits="0"></line>
								<line number="52" hits="0"></line>
								<line number="55" hits="1"></line>
								<line number="57" hits="1"></line>
								<line number="58" hits="1"></line>
								<line number="60" hits="1"></line>
								<line number="61" hits="0"></line>
								<line number="64" hits="1"></line>
								<line number="65" hits="0"></line>
								<line number="66" hits="0"></line>
								<line number="68" hits="1"></line>
							</lines>
						</method>
						<method name="@68:9" signature="" line-rate="1" branch-rate="0" complexity="0" line-count="0" line-hits="0">
							<lines>
								<line number="69" hits="1"></line>
								<line number="70" hits="1"></line>
							</lines>
						</method>
						<method name="CleanupBpfMap" signature="" line-rate="0.7" branch-rate="0" complexity="0" line-count="0" line-hits="0">
							<lines>
								<line number="75" hits="1"></line>
								<line number="76" hits="1"></line>
								<line number="77" hits="0"></line>
								<line number="79" hits="1"></line>
								<line number="80" hits="1"></line>
								<line number="81" hits="0"></line>
								<line number="83" hits="1"></line>
								<line number="84" hits="1"></line>
								<line number="85" hits="0"></line>
								<line number="88" hits="1"></line>
							</lines>
						</method>
					</methods>
					<lines>
						<line number="35" hits="1"></line>
						<line number="36" hits="1"></line>
						<line number="37" hits="0"></line>
						<line number="39" hits="1"></line>
						<line number="40" hits="1"></line>
						<line number="41" hits="0"></line>
						<line number="42" hits="0"></line>
						<line number="44" hits="1"></line>
						<line number="45" hits="1"></line>
						<line number="46" hits="0"></line>
						<line number="47" hits="0"></line>
						<line number="50" hits="1"></line>
						<line number="51" hits="0"></line>
						<line number="52" hits="0"></line>
						<line number="55" hits="1"></line>
						<line number="57" hits="1"></line>
						<line number="58" hits="1"></line>
						<line number="60" hits="1"></line>
						<line number="61" hits="0"></line>
						<line number="64" hits="1"></line>
						<line number="65" hits="0"></line>
						<line number="66" hits="0"></line>
						<line number="68" hits="1"></line>
						<line number="69" hits="1"></line>
						<line number="70" hits="1"></line>
						<line number="75" hits="1"></line>
						<line number="76" hits="1"></line>
						<line number="77" hits="0"></line>
						<line number="79" hits="1"></line>
						<line number="80" hits="1"></line>
						<line number="81" hits="0"></line>
						<line number="83" hits="1"></line>
						<line number="84" hits="1"></line>
						<line number="85" hits="0"></line>
						<line number="88" hits="1"></line>
					</lines>
				</class>
			</classes>
		</package>
	</packages>
	<sources>
		<source>/home/lzcworkspace/library/src/kmesh.net/kmesh</source>
	</sources>
</coverage>
